<?xml version="1.0" encoding="UTF-8"?>
<!-- Generated by org.testng.reporters.JUnitXMLReporter -->
<testsuite ignored="0" hostname="DESKTOP-GRE8QJG" failures="0" tests="4" name="Default test" time="11.518" errors="0" timestamp="2022-02-13T15:52:48 IST">
  <testcase classname="testCases.TestCase1" name="case1" time="0.013"/>
  <testcase classname="testCases.TestCase1" name="case2" time="0.004"/>
  <testcase classname="testCases.TestCase1" name="case3" time="0.002"/>
  <testcase classname="testCases.TestCase1" name="case4" time="0.004"/>
</testsuite> <!-- Default test -->
