<?xml version="1.0" encoding="UTF-8"?>
<!-- Generated by org.testng.reporters.JUnitXMLReporter -->
<testsuite ignored="0" hostname="DESKTOP-GRE8QJG" failures="0" tests="4" name="Test" time="0.097" errors="0" timestamp="2022-02-13T15:57:52 IST">
  <testcase classname="testCases.TestCase1" name="case1" time="0.008"/>
  <testcase classname="testCases.TestCase1" name="case2" time="0.002"/>
  <testcase classname="testCases.TestCase1" name="case3" time="0.001"/>
  <testcase classname="testCases.TestCase1" name="case4" time="0.002"/>
</testsuite> <!-- Test -->
