<?xml version="1.0" encoding="UTF-8"?>
<!-- Generated by org.testng.reporters.JUnitXMLReporter -->
<testsuite ignored="0" hostname="DESKTOP-GRE8QJG" failures="0" tests="4" name="Test2" time="0.056" errors="0" timestamp="2022-02-15T11:08:17 IST">
  <testcase classname="testCases.TestCase2" name="case5" time="0.003"/>
  <testcase classname="testCases.TestCase2" name="case6" time="0.01"/>
  <testcase classname="testCases.TestCase2" name="case7" time="0.003"/>
  <testcase classname="testCases.TestCase2" name="case8" time="0.002"/>
</testsuite> <!-- Test2 -->
