<?xml version="1.0" encoding="UTF-8"?>
<!-- Generated by org.testng.reporters.JUnitXMLReporter -->
<testsuite ignored="0" hostname="DESKTOP-GRE8QJG" failures="0" tests="4" name="Test1" time="6.638" errors="0" timestamp="2022-02-13T16:11:28 IST">
  <testcase classname="testCases.TestCase1" name="case1" time="0.018"/>
  <testcase classname="testCases.TestCase1" name="case2" time="0.003"/>
  <testcase classname="testCases.TestCase1" name="case3" time="0.004"/>
  <testcase classname="testCases.TestCase1" name="case4" time="0.001"/>
</testsuite> <!-- Test1 -->
