<?xml version="1.0" encoding="UTF-8"?>
<testng-results ignored="0" total="4" passed="4" failed="0" skipped="0">
  <reporter-output>
  </reporter-output>
  <suite started-at="2022-02-13T16:11:22 IST" name="Suite" finished-at="2022-02-13T16:11:28 IST" duration-ms="6638">
    <groups>
    </groups>
    <test started-at="2022-02-13T16:11:22 IST" name="Test1" finished-at="2022-02-13T16:11:28 IST" duration-ms="6638">
      <class name="testCases.TestCase1">
        <test-method is-config="true" signature="open()[pri:0, instance:testCases.TestCase1@57cf54e1]" started-at="2022-02-13T16:11:22 IST" name="open" finished-at="2022-02-13T16:11:28 IST" duration-ms="6078" status="PASS">
          <reporter-output>
          </reporter-output>
        </test-method> <!-- open -->
        <test-method signature="case1()[pri:0, instance:testCases.TestCase1@57cf54e1]" started-at="2022-02-13T16:11:28 IST" name="case1" finished-at="2022-02-13T16:11:28 IST" duration-ms="18" status="PASS">
          <reporter-output>
          </reporter-output>
        </test-method> <!-- case1 -->
        <test-method signature="case2()[pri:0, instance:testCases.TestCase1@57cf54e1]" started-at="2022-02-13T16:11:28 IST" name="case2" finished-at="2022-02-13T16:11:28 IST" duration-ms="3" status="PASS">
          <reporter-output>
          </reporter-output>
        </test-method> <!-- case2 -->
        <test-method signature="case3()[pri:0, instance:testCases.TestCase1@57cf54e1]" started-at="2022-02-13T16:11:28 IST" name="case3" finished-at="2022-02-13T16:11:28 IST" duration-ms="4" status="PASS">
          <reporter-output>
          </reporter-output>
        </test-method> <!-- case3 -->
        <test-method signature="case4()[pri:0, instance:testCases.TestCase1@57cf54e1]" started-at="2022-02-13T16:11:28 IST" name="case4" finished-at="2022-02-13T16:11:28 IST" duration-ms="1" status="PASS">
          <reporter-output>
          </reporter-output>
        </test-method> <!-- case4 -->
        <test-method is-config="true" signature="close()[pri:0, instance:testCases.TestCase1@57cf54e1]" started-at="2022-02-13T16:11:28 IST" name="close" finished-at="2022-02-13T16:11:28 IST" duration-ms="462" status="PASS">
          <reporter-output>
          </reporter-output>
        </test-method> <!-- close -->
        <test-method is-config="true" signature="browserclose()[pri:0, instance:testCases.TestCase1@57cf54e1]" started-at="2022-02-13T16:11:28 IST" name="browserclose" finished-at="2022-02-13T16:11:33 IST" duration-ms="4213" status="PASS">
          <reporter-output>
          </reporter-output>
        </test-method> <!-- browserclose -->
      </class> <!-- testCases.TestCase1 -->
    </test> <!-- Test1 -->
  </suite> <!-- Suite -->
</testng-results>
