<?xml version="1.0" encoding="UTF-8"?>
<testng-results ignored="0" total="12" passed="12" failed="0" skipped="0">
  <reporter-output>
  </reporter-output>
  <suite started-at="2022-02-14T14:31:52 IST" name="Suite" finished-at="2022-02-14T14:32:15 IST" duration-ms="22674">
    <groups>
    </groups>
    <test started-at="2022-02-14T14:31:52 IST" name="Test1" finished-at="2022-02-14T14:32:03 IST" duration-ms="10671">
      <class name="testCases.TestCase1">
        <test-method is-config="true" signature="open()[pri:0, instance:testCases.TestCase1@37d4349f]" started-at="2022-02-14T14:31:52 IST" name="open" finished-at="2022-02-14T14:31:58 IST" duration-ms="6176" status="PASS">
          <reporter-output>
          </reporter-output>
        </test-method> <!-- open -->
        <test-method signature="case1()[pri:0, instance:testCases.TestCase1@37d4349f]" started-at="2022-02-14T14:31:58 IST" name="case1" finished-at="2022-02-14T14:31:58 IST" duration-ms="17" status="PASS">
          <reporter-output>
          </reporter-output>
        </test-method> <!-- case1 -->
        <test-method signature="case2()[pri:0, instance:testCases.TestCase1@37d4349f]" started-at="2022-02-14T14:31:58 IST" name="case2" finished-at="2022-02-14T14:31:58 IST" duration-ms="3" status="PASS">
          <reporter-output>
          </reporter-output>
        </test-method> <!-- case2 -->
        <test-method signature="case3()[pri:0, instance:testCases.TestCase1@37d4349f]" started-at="2022-02-14T14:31:58 IST" name="case3" finished-at="2022-02-14T14:31:58 IST" duration-ms="5" status="PASS">
          <reporter-output>
          </reporter-output>
        </test-method> <!-- case3 -->
        <test-method signature="case4()[pri:0, instance:testCases.TestCase1@37d4349f]" started-at="2022-02-14T14:31:58 IST" name="case4" finished-at="2022-02-14T14:31:58 IST" duration-ms="6" status="PASS">
          <reporter-output>
          </reporter-output>
        </test-method> <!-- case4 -->
        <test-method is-config="true" signature="browserclose()[pri:0, instance:testCases.TestCase1@37d4349f]" started-at="2022-02-14T14:31:58 IST" name="browserclose" finished-at="2022-02-14T14:32:03 IST" duration-ms="4389" status="PASS">
          <reporter-output>
          </reporter-output>
        </test-method> <!-- browserclose -->
      </class> <!-- testCases.TestCase1 -->
    </test> <!-- Test1 -->
    <test started-at="2022-02-14T14:32:03 IST" name="Test2" finished-at="2022-02-14T14:32:12 IST" duration-ms="9531">
      <class name="testCases.TestCase2">
        <test-method is-config="true" signature="open()[pri:0, instance:testCases.TestCase2@5a45133e]" started-at="2022-02-14T14:32:03 IST" name="open" finished-at="2022-02-14T14:32:08 IST" duration-ms="5258" status="PASS">
          <reporter-output>
          </reporter-output>
        </test-method> <!-- open -->
        <test-method signature="case5()[pri:0, instance:testCases.TestCase2@5a45133e]" started-at="2022-02-14T14:32:08 IST" name="case5" finished-at="2022-02-14T14:32:08 IST" duration-ms="2" status="PASS">
          <reporter-output>
          </reporter-output>
        </test-method> <!-- case5 -->
        <test-method signature="case6()[pri:0, instance:testCases.TestCase2@5a45133e]" started-at="2022-02-14T14:32:08 IST" name="case6" finished-at="2022-02-14T14:32:08 IST" duration-ms="3" status="PASS">
          <reporter-output>
          </reporter-output>
        </test-method> <!-- case6 -->
        <test-method signature="case7()[pri:0, instance:testCases.TestCase2@5a45133e]" started-at="2022-02-14T14:32:08 IST" name="case7" finished-at="2022-02-14T14:32:08 IST" duration-ms="2" status="PASS">
          <reporter-output>
          </reporter-output>
        </test-method> <!-- case7 -->
        <test-method signature="case8()[pri:0, instance:testCases.TestCase2@5a45133e]" started-at="2022-02-14T14:32:08 IST" name="case8" finished-at="2022-02-14T14:32:08 IST" duration-ms="2" status="PASS">
          <reporter-output>
          </reporter-output>
        </test-method> <!-- case8 -->
        <test-method is-config="true" signature="browserclose()[pri:0, instance:testCases.TestCase2@5a45133e]" started-at="2022-02-14T14:32:08 IST" name="browserclose" finished-at="2022-02-14T14:32:12 IST" duration-ms="4251" status="PASS">
          <reporter-output>
          </reporter-output>
        </test-method> <!-- browserclose -->
      </class> <!-- testCases.TestCase2 -->
    </test> <!-- Test2 -->
    <test started-at="2022-02-14T14:32:12 IST" name="Test3" finished-at="2022-02-14T14:32:15 IST" duration-ms="2381">
      <class name="testCases.TestCase3">
        <test-method is-config="true" signature="reoports()[pri:0, instance:testCases.TestCase3@70e9c95d]" started-at="2022-02-14T14:31:52 IST" name="reoports" finished-at="2022-02-14T14:31:52 IST" duration-ms="302" status="PASS">
          <reporter-output>
          </reporter-output>
        </test-method> <!-- reoports -->
        <test-method is-config="true" signature="open()[pri:0, instance:testCases.TestCase3@70e9c95d]" started-at="2022-02-14T14:32:12 IST" name="open" finished-at="2022-02-14T14:32:15 IST" duration-ms="2123" status="PASS">
          <reporter-output>
          </reporter-output>
        </test-method> <!-- open -->
        <test-method signature="case10()[pri:0, instance:testCases.TestCase3@70e9c95d]" started-at="2022-02-14T14:32:15 IST" name="case10" finished-at="2022-02-14T14:32:15 IST" duration-ms="3" status="PASS">
          <reporter-output>
          </reporter-output>
        </test-method> <!-- case10 -->
        <test-method signature="case11()[pri:0, instance:testCases.TestCase3@70e9c95d]" started-at="2022-02-14T14:32:15 IST" name="case11" finished-at="2022-02-14T14:32:15 IST" duration-ms="1" status="PASS">
          <reporter-output>
          </reporter-output>
        </test-method> <!-- case11 -->
        <test-method signature="case12()[pri:0, instance:testCases.TestCase3@70e9c95d]" started-at="2022-02-14T14:32:15 IST" name="case12" finished-at="2022-02-14T14:32:15 IST" duration-ms="2" status="PASS">
          <reporter-output>
          </reporter-output>
        </test-method> <!-- case12 -->
        <test-method signature="case9()[pri:0, instance:testCases.TestCase3@70e9c95d]" started-at="2022-02-14T14:32:15 IST" name="case9" finished-at="2022-02-14T14:32:15 IST" duration-ms="1" status="PASS">
          <reporter-output>
          </reporter-output>
        </test-method> <!-- case9 -->
        <test-method is-config="true" signature="browserclose()[pri:0, instance:testCases.TestCase3@70e9c95d]" started-at="2022-02-14T14:32:15 IST" name="browserclose" finished-at="2022-02-14T14:32:15 IST" duration-ms="234" status="PASS">
          <reporter-output>
          </reporter-output>
        </test-method> <!-- browserclose -->
        <test-method is-config="true" signature="close()[pri:0, instance:testCases.TestCase3@70e9c95d]" started-at="2022-02-14T14:32:15 IST" name="close" finished-at="2022-02-14T14:32:15 IST" duration-ms="424" status="PASS">
          <reporter-output>
          </reporter-output>
        </test-method> <!-- close -->
      </class> <!-- testCases.TestCase3 -->
    </test> <!-- Test3 -->
  </suite> <!-- Suite -->
</testng-results>
