<?xml version="1.0" encoding="UTF-8"?>
<!-- Generated by org.testng.reporters.JUnitXMLReporter -->
<testsuite ignored="0" hostname="DESKTOP-GRE8QJG" failures="0" tests="4" name="Test1" time="0.121" errors="0" timestamp="2022-02-14T20:04:57 IST">
  <testcase classname="testCases.TestCase1" name="case1" time="0.036"/>
  <testcase classname="testCases.TestCase1" name="case2" time="0.001"/>
  <testcase classname="testCases.TestCase1" name="case3" time="0.001"/>
  <testcase classname="testCases.TestCase1" name="case4" time="0.0"/>
</testsuite> <!-- Test1 -->
