<?xml version="1.0" encoding="UTF-8"?>
<testng-results ignored="0" total="12" passed="12" failed="0" skipped="0">
  <reporter-output>
  </reporter-output>
  <suite started-at="2022-02-14T20:04:57 IST" name="Suite" finished-at="2022-02-14T20:04:57 IST" duration-ms="221">
    <groups>
    </groups>
    <test started-at="2022-02-14T20:04:57 IST" name="Test1" finished-at="2022-02-14T20:04:57 IST" duration-ms="121">
      <class name="testCases.TestCase1">
        <test-method signature="case1()[pri:0, instance:testCases.TestCase1@bd4dc25]" started-at="2022-02-14T20:04:57 IST" name="case1" finished-at="2022-02-14T20:04:57 IST" duration-ms="36" status="PASS">
          <reporter-output>
          </reporter-output>
        </test-method> <!-- case1 -->
        <test-method signature="case2()[pri:0, instance:testCases.TestCase1@bd4dc25]" started-at="2022-02-14T20:04:57 IST" name="case2" finished-at="2022-02-14T20:04:57 IST" duration-ms="1" status="PASS">
          <reporter-output>
          </reporter-output>
        </test-method> <!-- case2 -->
        <test-method signature="case3()[pri:0, instance:testCases.TestCase1@bd4dc25]" started-at="2022-02-14T20:04:57 IST" name="case3" finished-at="2022-02-14T20:04:57 IST" duration-ms="1" status="PASS">
          <reporter-output>
          </reporter-output>
        </test-method> <!-- case3 -->
        <test-method signature="case4()[pri:0, instance:testCases.TestCase1@bd4dc25]" started-at="2022-02-14T20:04:57 IST" name="case4" finished-at="2022-02-14T20:04:57 IST" duration-ms="0" status="PASS">
          <reporter-output>
          </reporter-output>
        </test-method> <!-- case4 -->
      </class> <!-- testCases.TestCase1 -->
    </test> <!-- Test1 -->
    <test started-at="2022-02-14T20:04:57 IST" name="Test2" finished-at="2022-02-14T20:04:57 IST" duration-ms="36">
      <class name="testCases.TestCase2">
        <test-method signature="case5()[pri:0, instance:testCases.TestCase2@17497425]" started-at="2022-02-14T20:04:57 IST" name="case5" finished-at="2022-02-14T20:04:57 IST" duration-ms="1" status="PASS">
          <reporter-output>
          </reporter-output>
        </test-method> <!-- case5 -->
        <test-method signature="case6()[pri:0, instance:testCases.TestCase2@17497425]" started-at="2022-02-14T20:04:57 IST" name="case6" finished-at="2022-02-14T20:04:57 IST" duration-ms="2" status="PASS">
          <reporter-output>
          </reporter-output>
        </test-method> <!-- case6 -->
        <test-method signature="case7()[pri:0, instance:testCases.TestCase2@17497425]" started-at="2022-02-14T20:04:57 IST" name="case7" finished-at="2022-02-14T20:04:57 IST" duration-ms="1" status="PASS">
          <reporter-output>
          </reporter-output>
        </test-method> <!-- case7 -->
        <test-method signature="case8()[pri:0, instance:testCases.TestCase2@17497425]" started-at="2022-02-14T20:04:57 IST" name="case8" finished-at="2022-02-14T20:04:57 IST" duration-ms="1" status="PASS">
          <reporter-output>
          </reporter-output>
        </test-method> <!-- case8 -->
      </class> <!-- testCases.TestCase2 -->
    </test> <!-- Test2 -->
    <test started-at="2022-02-14T20:04:57 IST" name="Test3" finished-at="2022-02-14T20:04:57 IST" duration-ms="8">
      <class name="testCases.TestCase3">
        <test-method is-config="true" signature="open()[pri:0, instance:testCases.TestCase3@729d991e]" started-at="2022-02-14T20:04:50 IST" name="open" finished-at="2022-02-14T20:04:57 IST" duration-ms="6949" status="PASS">
          <reporter-output>
          </reporter-output>
        </test-method> <!-- open -->
        <test-method signature="case10()[pri:0, instance:testCases.TestCase3@729d991e]" started-at="2022-02-14T20:04:57 IST" name="case10" finished-at="2022-02-14T20:04:57 IST" duration-ms="1" status="PASS">
          <reporter-output>
          </reporter-output>
        </test-method> <!-- case10 -->
        <test-method signature="case11()[pri:0, instance:testCases.TestCase3@729d991e]" started-at="2022-02-14T20:04:57 IST" name="case11" finished-at="2022-02-14T20:04:57 IST" duration-ms="1" status="PASS">
          <reporter-output>
          </reporter-output>
        </test-method> <!-- case11 -->
        <test-method signature="case12()[pri:0, instance:testCases.TestCase3@729d991e]" started-at="2022-02-14T20:04:57 IST" name="case12" finished-at="2022-02-14T20:04:57 IST" duration-ms="1" status="PASS">
          <reporter-output>
          </reporter-output>
        </test-method> <!-- case12 -->
        <test-method signature="case9()[pri:0, instance:testCases.TestCase3@729d991e]" started-at="2022-02-14T20:04:57 IST" name="case9" finished-at="2022-02-14T20:04:57 IST" duration-ms="1" status="PASS">
          <reporter-output>
          </reporter-output>
        </test-method> <!-- case9 -->
        <test-method is-config="true" signature="browserclose()[pri:0, instance:testCases.TestCase3@729d991e]" started-at="2022-02-14T20:04:57 IST" name="browserclose" finished-at="2022-02-14T20:04:58 IST" duration-ms="797" status="PASS">
          <reporter-output>
          </reporter-output>
        </test-method> <!-- browserclose -->
      </class> <!-- testCases.TestCase3 -->
    </test> <!-- Test3 -->
  </suite> <!-- Suite -->
</testng-results>
